25/09/2023 04:30:39.872 ERROR org.cisecurity.assessor.cli.Assessor - Exit Code: 0
25/09/2023 04:30:39.875 ERROR org.cisecurity.assessor.cli.Assessor - Exit Description: CIS-CAT Pro Assessor Exited Successfully.
25/09/2023 04:31:22.879 ERROR org.cisecurity.assessor.util.AssessorUtilities - Error parsing XML file '/var/www/html/index.html'.  Exiting
org.xml.sax.SAXParseException: DOCTYPE is disallowed when the feature "http://apache.org/xml/features/disallow-doctype-decl" set to true.
	at com.sun.org.apache.xerces.internal.parsers.AbstractSAXParser.parse(AbstractSAXParser.java:1239)
	at com.sun.org.apache.xerces.internal.jaxp.SAXParserImpl$JAXPSAXParser.parse(SAXParserImpl.java:642)
	at groovy.util.XmlParser.parse(XmlParser.java:191)
	at groovy.util.XmlParser$parse$0.call(Unknown Source)
	at org.codehaus.groovy.runtime.callsite.CallSiteArray.defaultCall(CallSiteArray.java:47)
	at org.codehaus.groovy.runtime.callsite.AbstractCallSite.call(AbstractCallSite.java:125)
	at org.codehaus.groovy.runtime.callsite.AbstractCallSite.call(AbstractCallSite.java:139)
	at org.cisecurity.assessor.util.AssessorUtilities.parseXmlFile(AssessorUtilities.groovy:81)
	at org.cisecurity.assessor.util.AssessorUtilities$parseXmlFile$0.call(Unknown Source)
	at org.codehaus.groovy.runtime.callsite.CallSiteArray.defaultCall(CallSiteArray.java:47)
	at org.codehaus.groovy.runtime.callsite.AbstractCallSite.call(AbstractCallSite.java:125)
	at org.codehaus.groovy.runtime.callsite.AbstractCallSite.call(AbstractCallSite.java:139)
	at org.cisecurity.wrapper.console.AssessmentFactory.getAssessment(AssessmentFactory.groovy:47)
	at org.cisecurity.wrapper.console.AssessmentFactory$getAssessment.call(Unknown Source)
	at org.codehaus.groovy.runtime.callsite.CallSiteArray.defaultCall(CallSiteArray.java:47)
	at org.codehaus.groovy.runtime.callsite.AbstractCallSite.call(AbstractCallSite.java:125)
	at org.codehaus.groovy.runtime.callsite.AbstractCallSite.call(AbstractCallSite.java:139)
	at org.cisecurity.assessor.cli.Assessor.startWithSession(Assessor.groovy:607)
	at sun.reflect.NativeMethodAccessorImpl.invoke0(Native Method)
	at sun.reflect.NativeMethodAccessorImpl.invoke(NativeMethodAccessorImpl.java:62)
	at sun.reflect.DelegatingMethodAccessorImpl.invoke(DelegatingMethodAccessorImpl.java:43)
	at java.lang.reflect.Method.invoke(Method.java:498)
	at org.codehaus.groovy.reflection.CachedMethod.invoke(CachedMethod.java:107)
	at groovy.lang.MetaMethod.doMethodInvoke(MetaMethod.java:323)
	at org.codehaus.groovy.runtime.metaclass.ClosureMetaClass.invokeMethod(ClosureMetaClass.java:362)
	at org.codehaus.groovy.runtime.callsite.PogoMetaClassSite.callCurrent(PogoMetaClassSite.java:61)
	at org.codehaus.groovy.runtime.callsite.CallSiteArray.defaultCallCurrent(CallSiteArray.java:51)
	at org.codehaus.groovy.runtime.callsite.AbstractCallSite.callCurrent(AbstractCallSite.java:171)
	at org.codehaus.groovy.runtime.callsite.AbstractCallSite.callCurrent(AbstractCallSite.java:194)
	at org.cisecurity.assessor.cli.Assessor$_start_closure4.doCall(Assessor.groovy:533)
	at sun.reflect.NativeMethodAccessorImpl.invoke0(Native Method)
	at sun.reflect.NativeMethodAccessorImpl.invoke(NativeMethodAccessorImpl.java:62)
	at sun.reflect.DelegatingMethodAccessorImpl.invoke(DelegatingMethodAccessorImpl.java:43)
	at java.lang.reflect.Method.invoke(Method.java:498)
	at org.codehaus.groovy.reflection.CachedMethod.invoke(CachedMethod.java:107)
	at groovy.lang.MetaMethod.doMethodInvoke(MetaMethod.java:323)
	at org.codehaus.groovy.runtime.metaclass.ClosureMetaClass.invokeMethod(ClosureMetaClass.java:274)
	at groovy.lang.MetaClassImpl.invokeMethod(MetaClassImpl.java:1035)
	at groovy.lang.Closure.call(Closure.java:412)
	at groovy.lang.Closure.call(Closure.java:428)
	at org.codehaus.groovy.runtime.DefaultGroovyMethods.each(DefaultGroovyMethods.java:2357)
	at org.codehaus.groovy.runtime.DefaultGroovyMethods.each(DefaultGroovyMethods.java:2342)
	at org.codehaus.groovy.runtime.DefaultGroovyMethods.each(DefaultGroovyMethods.java:2383)
	at org.codehaus.groovy.runtime.dgm$202.invoke(Unknown Source)
	at org.codehaus.groovy.runtime.callsite.PojoMetaMethodSite$PojoMetaMethodSiteNoUnwrapNoCoerce.invoke(PojoMetaMethodSite.java:247)
	at org.codehaus.groovy.runtime.callsite.PojoMetaMethodSite.call(PojoMetaMethodSite.java:56)
	at org.codehaus.groovy.runtime.callsite.CallSiteArray.defaultCall(CallSiteArray.java:47)
	at org.codehaus.groovy.runtime.callsite.AbstractCallSite.call(AbstractCallSite.java:125)
	at org.codehaus.groovy.runtime.callsite.AbstractCallSite.call(AbstractCallSite.java:139)
	at org.cisecurity.assessor.cli.Assessor.start(Assessor.groovy:530)
	at org.cisecurity.assessor.cli.Assessor$start.call(Unknown Source)
	at org.codehaus.groovy.runtime.callsite.CallSiteArray.defaultCall(CallSiteArray.java:47)
	at org.codehaus.groovy.runtime.callsite.AbstractCallSite.call(AbstractCallSite.java:125)
	at org.codehaus.groovy.runtime.callsite.AbstractCallSite.call(AbstractCallSite.java:139)
	at org.cisecurity.assessor.cli.Assessor.main(Assessor.groovy:61)
25/09/2023 04:31:22.883 ERROR org.cisecurity.assessor.util.AssessorUtilities - Exit Code: 113
25/09/2023 04:31:22.883 ERROR org.cisecurity.assessor.util.AssessorUtilities - Exit Description: CIS-CAT Pro Assessor could not parse an XML file required for assessment.
25/09/2023 04:32:32.670 ERROR org.cisecurity.wrapper.console.AssessmentFactory - Could not find assessment file referenced by /var/www/html/index.html...
25/09/2023 04:32:32.673 ERROR org.cisecurity.assessor.cli.Assessor - Exit Code: 114
25/09/2023 04:32:32.673 ERROR org.cisecurity.assessor.cli.Assessor - Exit Description: CIS-CAT Pro Assessor could not find an XML file required for assessment.
